commit 33b59c3058af513c36b26e8c97f7395d87e6b138
Author: varn <varnbu@gmail.com>
Date:   Tue Apr 7 21:12:00 2020 +0800

    基础学习

commit 3fffa4b44af863f292911eaa4f1fd6712559b595
Author: varn <varnbu@gmail.com>
Date:   Tue Apr 7 16:42:38 2020 +0800

    基础

commit ca843206452ce468512e05a83c49686164a1320d
Author: varn <varnbu@gmail.com>
Date:   Sun Mar 8 14:21:37 2020 +0800

    add ï¼

commit a90b559007eaf9cf1a3d16620b9b5afb0da667d8
Author: varn <varnbu@gmail.com>
Date:   Fri Mar 6 21:52:08 2020 +0800

    爆炸效果

commit 67b34bab61d48feb2e6e6afd0b22af979c6c34c1
Author: varn <varnbu@gmail.com>
Date:   Thu Mar 5 23:10:38 2020 +0800

    debug

commit c06a8ec9c3e0e873d9b43f446c8807409fbdfbe7
Author: varn <varnbu@gmail.com>
Date:   Thu Mar 5 22:35:36 2020 +0800

    放大缩小方法

commit 855c08ba27b7ff9f27c8c25adcff28b98fc7dc8f
Author: varn <varnbu@gmail.com>
Date:   Thu Mar 5 22:17:18 2020 +0800

    init
